<?xml version="1.0" encoding="UTF-8"?>
<!-- Generated by org.testng.reporters.JUnitXMLReporter -->
<testsuite ignored="0" hostname="DESKTOP-1A0K5DH" failures="0" tests="4" name="Default test" time="4.874" errors="0" timestamp="2023-01-02T22:04:20 EST">
  <testcase classname="day1.HTTPRequests" name="getUsers" time="3.331"/>
  <testcase classname="day1.HTTPRequests" name="createUser" time="0.789"/>
  <testcase classname="day1.HTTPRequests" name="updateUser" time="0.327"/>
  <testcase classname="day1.HTTPRequests" name="deleteUser" time="0.324"/>
</testsuite> <!-- Default test -->
